Сборка начата 07.05.2016 20:00:08.
     1>Проект "C:\Labs\mp2-lab4-polinoms\tests\tests.vcxproj" в узле 2 (целевые объекты Build).
     1>ClCompile:
         C:\Program Files (x86)\Microsoft Visual Studio 11.0\VC\bin\CL.exe /c /I"C:\Labs\mp2-lab4-polinoms\mp2-lab4-polinoms" /I"C:\Labs\mp2-lab4-polinoms\gtest" /ZI /nologo /W3 /WX- /sdl /Od /Oy- /D WIN32 /D _DEBUG /D _CONSOLE /D _UNICODE /D UNICODE /Gm /EHsc /RTC1 /MDd /GS /fp:precise /Zc:wchar_t /Zc:forScope /Fo"Debug\\" /Fd"Debug\vc110.pdb" /Gd /TP /analyze- /errorReport:prompt test_monom.cpp test_polinom.cpp
         test_polinom.cpp
     1>c:\labs\mp2-lab4-polinoms\gtest\gtest.h(18863): error C2784: bool testing::internal::operator ==(T *,const testing::internal::linked_ptr<T> &): не удалось вывести аргумент шаблон для "T *" из "const int"
                 c:\labs\mp2-lab4-polinoms\gtest\gtest.h(9175): см. объявление "testing::internal::operator =="
                 c:\labs\mp2-lab4-polinoms\gtest\gtest.h(18900): см. ссылку на создание экземпляров функции шаблон при компиляции "testing::AssertionResult testing::internal::CmpHelperEQ<T1,T2>(const char *,const char *,const T1 &,const T2 &)"
                 with
                 [
                     T1=int,
                     T2=Polinom
                 ]
                 c:\labs\mp2-lab4-polinoms\tests\test_polinom.cpp(11): см. ссылку на создание экземпляров функции шаблон при компиляции "testing::AssertionResult testing::internal::EqHelper<lhs_is_null_literal>::Compare<int,Polinom>(const char *,const char *,const T1 &,const T2 &)"
                 with
                 [
                     lhs_is_null_literal=false,
                     T1=int,
                     T2=Polinom
                 ]
                 c:\labs\mp2-lab4-polinoms\tests\test_polinom.cpp(11): см. ссылку на создание экземпляров функции шаблон при компиляции "testing::AssertionResult testing::internal::EqHelper<lhs_is_null_literal>::Compare<int,Polinom>(const char *,const char *,const T1 &,const T2 &)"
                 with
                 [
                     lhs_is_null_literal=false,
                     T1=int,
                     T2=Polinom
                 ]
     1>c:\labs\mp2-lab4-polinoms\gtest\gtest.h(18863): error C2677: бинарный "==": не найден глобальный оператор, принимающий тип "const Polinom" (или приемлемое преобразование отсутствует)
         test_monom.cpp
     1>c:\labs\mp2-lab4-polinoms\gtest\gtest.h(18992): error C2784: bool testing::internal::operator !=(T *,const testing::internal::linked_ptr<T> &): не удалось вывести аргумент шаблон для "T *" из "const int"
                 c:\labs\mp2-lab4-polinoms\gtest\gtest.h(9180): см. объявление "testing::internal::operator !="
                 c:\labs\mp2-lab4-polinoms\tests\test_monom.cpp(200): см. ссылку на создание экземпляров функции шаблон при компиляции "testing::AssertionResult testing::internal::CmpHelperNE<int,Monom>(const char *,const char *,const T1 &,const T2 &)"
                 with
                 [
                     T1=int,
                     T2=Monom
                 ]
     1>c:\labs\mp2-lab4-polinoms\gtest\gtest.h(18992): error C2677: бинарный "!=": не найден глобальный оператор, принимающий тип "const Monom" (или приемлемое преобразование отсутствует)
         Создание кода...
     1>Построение проекта "C:\Labs\mp2-lab4-polinoms\tests\tests.vcxproj" завершено (целевые объекты Build) с ошибкой.

Сбой построения.

Затраченное время: 00:00:02.22
